<?xml version="1.0" encoding="gbk"?>
	<testsuites>
		<testsuite errors="2" failures="0" hostname="seautotest" name="API" skipped="" tests="1" time="0.046995" timestamp="2020-12-10T15:19:42.661824">
			<testcase name="获取验证码并登录店员端" priority="M" time="0.045995">
				<failure message="testdot:获取验证码 - step:1 - element:获取验证码 - error:list index out of range" type="Failure"/>
				<failure message="testdot:登录店员端 - step:2 - element:登录店员端 - error:list index out of range" type="Failure"/>
			</testcase>
		</testsuite>
	</testsuites>
